Determining if the pthread_create exist failed with the following output:
Change Dir: /home/bobo/cpr_mover_ws/build/CMakeFiles/CMakeTmp

Run Build Command:"/usr/bin/make" "cmTC_ca3cd/fast"
/usr/bin/make -f CMakeFiles/cmTC_ca3cd.dir/build.make CMakeFiles/cmTC_ca3cd.dir/build
make[1]: Entering directory '/home/bobo/cpr_mover_ws/build/CMakeFiles/CMakeTmp'
Building C object CMakeFiles/cmTC_ca3cd.dir/CheckSymbolExists.c.o
/usr/bin/cc     -o CMakeFiles/cmTC_ca3cd.dir/CheckSymbolExists.c.o   -c /home/bobo/cpr_mover_ws/build/CMakeFiles/CMakeTmp/CheckSymbolExists.c
Linking C executable cmTC_ca3cd
/usr/bin/cmake -E cmake_link_script CMakeFiles/cmTC_ca3cd.dir/link.txt --verbose=1
/usr/bin/cc       CMakeFiles/cmTC_ca3cd.dir/CheckSymbolExists.c.o  -o cmTC_ca3cd -rdynamic 
CMakeFiles/cmTC_ca3cd.dir/CheckSymbolExists.c.o: In function `main':
CheckSymbolExists.c:(.text+0x16): undefined reference to `pthread_create'
collect2: error: ld returned 1 exit status
CMakeFiles/cmTC_ca3cd.dir/build.make:97: recipe for target 'cmTC_ca3cd' failed
make[1]: *** [cmTC_ca3cd] Error 1
make[1]: Leaving directory '/home/bobo/cpr_mover_ws/build/CMakeFiles/CMakeTmp'
Makefile:126: recipe for target 'cmTC_ca3cd/fast' failed
make: *** [cmTC_ca3cd/fast] Error 2

File /home/bobo/cpr_mover_ws/build/CMakeFiles/CMakeTmp/CheckSymbolExists.c:
/* */
#include <pthread.h>

int main(int argc, char** argv)
{
  (void)argv;
#ifndef pthread_create
  return ((int*)(&pthread_create))[argc];
#else
  (void)argc;
  return 0;
#endif
}

Determining if the function pthread_create exists in the pthreads failed with the following output:
Change Dir: /home/bobo/cpr_mover_ws/build/CMakeFiles/CMakeTmp

Run Build Command:"/usr/bin/make" "cmTC_3a1ed/fast"
/usr/bin/make -f CMakeFiles/cmTC_3a1ed.dir/build.make CMakeFiles/cmTC_3a1ed.dir/build
make[1]: Entering directory '/home/bobo/cpr_mover_ws/build/CMakeFiles/CMakeTmp'
Building C object CMakeFiles/cmTC_3a1ed.dir/CheckFunctionExists.c.o
/usr/bin/cc    -DCHECK_FUNCTION_EXISTS=pthread_create   -o CMakeFiles/cmTC_3a1ed.dir/CheckFunctionExists.c.o   -c /usr/share/cmake-3.5/Modules/CheckFunctionExists.c
Linking C executable cmTC_3a1ed
/usr/bin/cmake -E cmake_link_script CMakeFiles/cmTC_3a1ed.dir/link.txt --verbose=1
/usr/bin/cc   -DCHECK_FUNCTION_EXISTS=pthread_create    CMakeFiles/cmTC_3a1ed.dir/CheckFunctionExists.c.o  -o cmTC_3a1ed -rdynamic -lpthreads 
/usr/bin/ld: cannot find -lpthreads
collect2: error: ld returned 1 exit status
CMakeFiles/cmTC_3a1ed.dir/build.make:97: recipe for target 'cmTC_3a1ed' failed
make[1]: *** [cmTC_3a1ed] Error 1
make[1]: Leaving directory '/home/bobo/cpr_mover_ws/build/CMakeFiles/CMakeTmp'
Makefile:126: recipe for target 'cmTC_3a1ed/fast' failed
make: *** [cmTC_3a1ed/fast] Error 2


